<?xml version="1.0" encoding="UTF-8"?>
<testng-results ignored="0" total="1" passed="1" failed="0" skipped="0">
  <reporter-output>
  </reporter-output>
  <suite started-at="2020-05-17T19:10:29 IST" name="Default suite" finished-at="2020-05-17T19:11:07 IST" duration-ms="37832">
    <groups>
    </groups>
    <test started-at="2020-05-17T19:10:29 IST" name="Default test" finished-at="2020-05-17T19:11:07 IST" duration-ms="37832">
      <class name="Test_Case.Home_test">
        <test-method is-config="true" signature="home_page_pre_requisit()[pri:0, instance:Test_Case.Home_test@78aab498]" started-at="2020-05-17T19:10:29 IST" name="home_page_pre_requisit" finished-at="2020-05-17T19:11:03 IST" duration-ms="33383" status="PASS">
          <reporter-output>
          </reporter-output>
        </test-method> <!-- home_page_pre_requisit -->
        <test-method signature="home_page()[pri:0, instance:Test_Case.Home_test@78aab498]" started-at="2020-05-17T19:11:03 IST" name="home_page" finished-at="2020-05-17T19:11:07 IST" duration-ms="4354" status="PASS">
          <reporter-output>
          </reporter-output>
        </test-method> <!-- home_page -->
      </class> <!-- Test_Case.Home_test -->
    </test> <!-- Default test -->
  </suite> <!-- Default suite -->
</testng-results>
